<?xml version="1.0" encoding="UTF-8"?>
<testng-results ignored="0" total="0" passed="0" failed="0" skipped="0">
  <reporter-output>
  </reporter-output>
  <suite started-at="2025-07-24T09:54:56 EDT" name="Maven JFrog Demo Test Suite" finished-at="2025-07-24T09:54:56 EDT" duration-ms="7">
    <groups>
    </groups>
    <test started-at="2025-07-24T09:54:56 EDT" name="Framework Tests" finished-at="2025-07-24T09:54:56 EDT" duration-ms="7">
    </test> <!-- Framework Tests -->
  </suite> <!-- Maven JFrog Demo Test Suite -->
</testng-results>
